[0.009s] Invoking command in '/home/starmaninja/Desktop/RBOT-250/Assignments/RBOT-250_Assignment-3/Assignment_3_ROS/rbot250_A3_ws/src/rbot250/build/rbot250': CMAKE_PREFIX_PATH=/opt/ros/rolling /usr/bin/cmake /home/starmaninja/Desktop/RBOT-250/Assignments/RBOT-250_Assignment-3/Assignment_3_ROS/rbot250_A3_ws/src/rbot250 -DCMAKE_INSTALL_PREFIX=/home/starmaninja/Desktop/RBOT-250/Assignments/RBOT-250_Assignment-3/Assignment_3_ROS/rbot250_A3_ws/src/rbot250/install/rbot250
[0.018s] -- Found ament_cmake: 1.1.4 (/opt/ros/rolling/share/ament_cmake/cmake)
[0.034s] -- Using PYTHON_EXECUTABLE: /usr/bin/python3
[0.078s] -- Found geometry_msgs: 3.0.0 (/opt/ros/rolling/share/geometry_msgs/cmake)
[0.093s] -- Using all available rosidl_typesupport_c: rosidl_typesupport_fastrtps_c;rosidl_typesupport_introspection_c
[0.095s] -- Found rosidl_adapter: 2.5.0 (/opt/ros/rolling/share/rosidl_adapter/cmake)
[0.121s] -- Using all available rosidl_typesupport_cpp: rosidl_typesupport_fastrtps_cpp;rosidl_typesupport_introspection_cpp
[0.184s] -- Found rclcpp: 13.0.0 (/opt/ros/rolling/share/rclcpp/cmake)
[0.215s] -- Found rmw_implementation_cmake: 5.0.0 (/opt/ros/rolling/share/rmw_implementation_cmake/cmake)
[0.216s] -- Found rmw_cyclonedds_cpp: 0.24.0 (/opt/ros/rolling/share/rmw_cyclonedds_cpp/cmake)
[0.230s] -- Using RMW implementation 'rmw_cyclonedds_cpp' as default
[0.334s] -- Found tf2: 0.18.0 (/opt/ros/rolling/share/tf2/cmake)
[0.341s] -- Found tf2_ros: 0.18.0 (/opt/ros/rolling/share/tf2_ros/cmake)
[0.606s] -- Found turtlesim: 1.3.2 (/opt/ros/rolling/share/turtlesim/cmake)
[0.693s] -- Configuring done
[0.701s] -- Generating done
[0.702s] -- Build files have been written to: /home/starmaninja/Desktop/RBOT-250/Assignments/RBOT-250_Assignment-3/Assignment_3_ROS/rbot250_A3_ws/src/rbot250/build/rbot250
[0.706s] Invoked command in '/home/starmaninja/Desktop/RBOT-250/Assignments/RBOT-250_Assignment-3/Assignment_3_ROS/rbot250_A3_ws/src/rbot250/build/rbot250' returned '0': CMAKE_PREFIX_PATH=/opt/ros/rolling /usr/bin/cmake /home/starmaninja/Desktop/RBOT-250/Assignments/RBOT-250_Assignment-3/Assignment_3_ROS/rbot250_A3_ws/src/rbot250 -DCMAKE_INSTALL_PREFIX=/home/starmaninja/Desktop/RBOT-250/Assignments/RBOT-250_Assignment-3/Assignment_3_ROS/rbot250_A3_ws/src/rbot250/install/rbot250
[0.708s] Invoking command in '/home/starmaninja/Desktop/RBOT-250/Assignments/RBOT-250_Assignment-3/Assignment_3_ROS/rbot250_A3_ws/src/rbot250/build/rbot250': CMAKE_PREFIX_PATH=/opt/ros/rolling /usr/bin/cmake --build /home/starmaninja/Desktop/RBOT-250/Assignments/RBOT-250_Assignment-3/Assignment_3_ROS/rbot250_A3_ws/src/rbot250/build/rbot250 -- -j4 -l4
[0.735s] [35m[1mScanning dependencies of target rbot250_tf_broadcaster[0m
[0.848s] [ 50%] [32mBuilding CXX object CMakeFiles/rbot250_tf_broadcaster.dir/src/rbot250_tf2_broadcaster.cpp.o[0m
[2.911s] In file included from [01m[K/usr/include/x86_64-linux-gnu/c++/9/bits/c++allocator.h:33[m[K,
[2.911s]                  from [01m[K/usr/include/c++/9/bits/allocator.h:46[m[K,
[2.911s]                  from [01m[K/usr/include/c++/9/string:41[m[K,
[2.911s]                  from [01m[K/usr/include/c++/9/stdexcept:39[m[K,
[2.912s]                  from [01m[K/usr/include/c++/9/array:39[m[K,
[2.912s]                  from [01m[K/usr/include/c++/9/tuple:39[m[K,
[2.912s]                  from [01m[K/usr/include/c++/9/functional:54[m[K,
[2.912s]                  from [01m[K/usr/include/c++/9/pstl/glue_algorithm_defs.h:13[m[K,
[2.912s]                  from [01m[K/usr/include/c++/9/algorithm:71[m[K,
[2.912s]                  from [01m[K/opt/ros/rolling/include/rosidl_runtime_cpp/bounded_vector.hpp:18[m[K,
[2.912s]                  from [01m[K/opt/ros/rolling/include/geometry_msgs/msg/detail/transform_stamped__struct.hpp:8[m[K,
[2.912s]                  from [01m[K/opt/ros/rolling/include/geometry_msgs/msg/transform_stamped.hpp:7[m[K,
[2.912s]                  from [01m[K/home/starmaninja/Desktop/RBOT-250/Assignments/RBOT-250_Assignment-3/Assignment_3_ROS/rbot250_A3_ws/src/rbot250/src/rbot250_tf2_broadcaster.cpp:1[m[K:
[2.912s] /usr/include/c++/9/ext/new_allocator.h: In instantiation of â€˜[01m[Kvoid __gnu_cxx::new_allocator<_Tp>::construct(_Up*, _Args&& ...) [with _Up = StaticFramePublisher; _Args = {char**&}; _Tp = StaticFramePublisher][m[Kâ€™:
[2.912s] [01m[K/usr/include/c++/9/bits/alloc_traits.h:482:2:[m[K   required from â€˜[01m[Kstatic void std::allocator_traits<std::allocator<_Tp> >::construct(std::allocator_traits<std::allocator<_Tp> >::allocator_type&, _Up*, _Args&& ...) [with _Up = StaticFramePublisher; _Args = {char**&}; _Tp = StaticFramePublisher; std::allocator_traits<std::allocator<_Tp> >::allocator_type = std::allocator<StaticFramePublisher>][m[Kâ€™
[2.912s] [01m[K/usr/include/c++/9/bits/shared_ptr_base.h:548:39:[m[K   required from â€˜[01m[Kstd::_Sp_counted_ptr_inplace<_Tp, _Alloc, _Lp>::_Sp_counted_ptr_inplace(_Alloc, _Args&& ...) [with _Args = {char**&}; _Tp = StaticFramePublisher; _Alloc = std::allocator<StaticFramePublisher>; __gnu_cxx::_Lock_policy _Lp = __gnu_cxx::_S_atomic][m[Kâ€™
[2.912s] [01m[K/usr/include/c++/9/bits/shared_ptr_base.h:679:16:[m[K   required from â€˜[01m[Kstd::__shared_count<_Lp>::__shared_count(_Tp*&, std::_Sp_alloc_shared_tag<_Alloc>, _Args&& ...) [with _Tp = StaticFramePublisher; _Alloc = std::allocator<StaticFramePublisher>; _Args = {char**&}; __gnu_cxx::_Lock_policy _Lp = __gnu_cxx::_S_atomic][m[Kâ€™
[2.912s] [01m[K/usr/include/c++/9/bits/shared_ptr_base.h:1344:71:[m[K   required from â€˜[01m[Kstd::__shared_ptr<_Tp, _Lp>::__shared_ptr(std::_Sp_alloc_shared_tag<_Tp>, _Args&& ...) [with _Alloc = std::allocator<StaticFramePublisher>; _Args = {char**&}; _Tp = StaticFramePublisher; __gnu_cxx::_Lock_policy _Lp = __gnu_cxx::_S_atomic][m[Kâ€™
[2.912s] [01m[K/usr/include/c++/9/bits/shared_ptr.h:359:59:[m[K   required from â€˜[01m[Kstd::shared_ptr<_Tp>::shared_ptr(std::_Sp_alloc_shared_tag<_Tp>, _Args&& ...) [with _Alloc = std::allocator<StaticFramePublisher>; _Args = {char**&}; _Tp = StaticFramePublisher][m[Kâ€™
[2.912s] [01m[K/usr/include/c++/9/bits/shared_ptr.h:701:14:[m[K   required from â€˜[01m[Kstd::shared_ptr<_Tp> std::allocate_shared(const _Alloc&, _Args&& ...) [with _Tp = StaticFramePublisher; _Alloc = std::allocator<StaticFramePublisher>; _Args = {char**&}][m[Kâ€™
[2.912s] [01m[K/usr/include/c++/9/bits/shared_ptr.h:717:39:[m[K   required from â€˜[01m[Kstd::shared_ptr<_Tp> std::make_shared(_Args&& ...) [with _Tp = StaticFramePublisher; _Args = {char**&}][m[Kâ€™
[2.912s] [01m[K/home/starmaninja/Desktop/RBOT-250/Assignments/RBOT-250_Assignment-3/Assignment_3_ROS/rbot250_A3_ws/src/rbot250/src/rbot250_tf2_broadcaster.cpp:53:59:[m[K   required from here
[2.912s] [01m[K/usr/include/c++/9/ext/new_allocator.h:145:20:[m[K [01;31m[Kerror: [m[Kno matching function for call to â€˜[01m[KStaticFramePublisher::StaticFramePublisher(char**&)[m[Kâ€™
[2.912s]   145 |  noexcept(noexcept([01;31m[K::new((void *)__p)[m[K
[2.913s]       |                    [01;31m[K^~~~~~~~~~~~~~~~~~[m[K
[2.913s]   146 | [01;31m[K       _Up(std::forward<_Args>(__args)...)[m[K))
[2.913s]       |        [01;31m[K~~~~~~~~~~~~~~~~~~~~~~~~~~~~~~~~~~~[m[K
[2.913s] [01m[K/home/starmaninja/Desktop/RBOT-250/Assignments/RBOT-250_Assignment-3/Assignment_3_ROS/rbot250_A3_ws/src/rbot250/src/rbot250_tf2_broadcaster.cpp:15:12:[m[K [01;36m[Knote: [m[Kcandidate: â€˜[01m[KStaticFramePublisher::StaticFramePublisher()[m[Kâ€™
[2.913s]    15 |   explicit [01;36m[KStaticFramePublisher[m[K()
[2.913s]       |            [01;36m[K^~~~~~~~~~~~~~~~~~~~[m[K
[2.913s] [01m[K/home/starmaninja/Desktop/RBOT-250/Assignments/RBOT-250_Assignment-3/Assignment_3_ROS/rbot250_A3_ws/src/rbot250/src/rbot250_tf2_broadcaster.cpp:15:12:[m[K [01;36m[Knote: [m[K  candidate expects 0 arguments, 1 provided
[3.103s] make[2]: *** [CMakeFiles/rbot250_tf_broadcaster.dir/build.make:63: CMakeFiles/rbot250_tf_broadcaster.dir/src/rbot250_tf2_broadcaster.cpp.o] Error 1
[3.103s] make[1]: *** [CMakeFiles/Makefile2:78: CMakeFiles/rbot250_tf_broadcaster.dir/all] Error 2
[3.103s] make: *** [Makefile:141: all] Error 2
[3.105s] Invoked command in '/home/starmaninja/Desktop/RBOT-250/Assignments/RBOT-250_Assignment-3/Assignment_3_ROS/rbot250_A3_ws/src/rbot250/build/rbot250' returned '2': CMAKE_PREFIX_PATH=/opt/ros/rolling /usr/bin/cmake --build /home/starmaninja/Desktop/RBOT-250/Assignments/RBOT-250_Assignment-3/Assignment_3_ROS/rbot250_A3_ws/src/rbot250/build/rbot250 -- -j4 -l4
